[16-Apr-2023 04:15:56 UTC] PHP Fatal error:  Uncaught Pith\Framework\PithException: [5005]: Pith Framework Exception 5005: The container encountered a \DI\NotFoundException exception loading route. Message: No entry or class found for '\Pith\Framework\SharedInfrastructure\LoremIpsumRoute'

  thrown in /Users/ian/Repo/pith-framework/src/framework/external/objects/PithRouter.php on line 205
[16-Apr-2023 04:17:41 UTC] PHP Warning:  require(src/shared-infrastructure/src/shared-infrastructure-pack/lorem-ipsum/home-view.phtml): Failed to open stream: No such file or directory in /Users/ian/Repo/pith-framework/src/framework/plugins/phtml-view-adapter-2/src/PithPhtmlViewRunner2.php on line 82
[16-Apr-2023 04:17:41 UTC] PHP Fatal error:  Uncaught Error: Failed opening required 'src/shared-infrastructure/src/shared-infrastructure-pack/lorem-ipsum/home-view.phtml' (include_path='.:/usr/local/Cellar/php/8.1.4/share/php/pear') in /Users/ian/Repo/pith-framework/src/framework/plugins/phtml-view-adapter-2/src/PithPhtmlViewRunner2.php:82
Stack trace:
#0 /Users/ian/Repo/pith-framework/src/framework/plugins/phtml-view-adapter-2/src/PithPhtmlViewRunner2.php(71): Pith\PhtmlViewAdapter2\PithPhtmlViewRunner2->dispatchView()
#1 /Users/ian/Repo/pith-framework/src/framework/plugins/phtml-view-adapter-2/src/PithPhtmlViewAdapter2.php(117): Pith\PhtmlViewAdapter2\PithPhtmlViewRunner2->run(Object(Pith\Framework\PithApp), true, 'src/shared-infr...', Object(stdClass), Object(Pith\Framework\SharedInfrastructure\LoremIpsumRoute))
#2 /Users/ian/Repo/pith-framework/src/framework/external/objects/PithDispatcher.php(511): Pith\PhtmlViewAdapter2\PithPhtmlViewAdapter2->run()
#3 /Users/ian/Repo/pith-framework/src/framework/external/objects/PithDispatcher.php(155): Pith\Framework\PithDispatcher->tapView(Object(Pith\Framework\SharedInfrastructure\LoremIpsumRoute), NULL, 'src/shared-infr...', 'src/shared-infr...', Array, Object(stdClass))
#4 /Users/ian/Repo/pith-framework/src/framework/external/objects/PithResponder.php(100): Pith\Framework\PithDispatcher->dispatchRoute(Object(Pith\Framework\SharedInfrastructure\LoremIpsumRoute))
#5 /Users/ian/Repo/pith-framework/src/shared-infrastructure/src/shared-theme-pack/green-and-white-theme/green-and-white-layout-view.phtml(41): Pith\Framework\PithResponder->insertPageContent(Object(Pith\Framework\SharedInfrastructure\LoremIpsumRoute))
#6 /Users/ian/Repo/pith-framework/src/framework/plugins/phtml-view-adapter-2/src/PithPhtmlViewRunner2.php(82): require('/Users/ian/Repo...')
#7 /Users/ian/Repo/pith-framework/src/framework/plugins/phtml-view-adapter-2/src/PithPhtmlViewRunner2.php(71): Pith\PhtmlViewAdapter2\PithPhtmlViewRunner2->dispatchView()
#8 /Users/ian/Repo/pith-framework/src/framework/plugins/phtml-view-adapter-2/src/PithPhtmlViewAdapter2.php(117): Pith\PhtmlViewAdapter2\PithPhtmlViewRunner2->run(Object(Pith\Framework\PithApp), true, 'src/shared-infr...', Object(stdClass), Object(Pith\Framework\SharedInfrastructure\LoremIpsumRoute))
#9 /Users/ian/Repo/pith-framework/src/framework/external/objects/PithDispatcher.php(511): Pith\PhtmlViewAdapter2\PithPhtmlViewAdapter2->run()
#10 /Users/ian/Repo/pith-framework/src/framework/external/objects/PithDispatcher.php(155): Pith\Framework\PithDispatcher->tapView(Object(Pith\Framework\SharedThemePack\GreenAndWhiteLayoutRoute), Object(Pith\Framework\SharedInfrastructure\LoremIpsumRoute), 'src/shared-infr...', 'src/shared-infr...', Array, Object(stdClass))
#11 /Users/ian/Repo/pith-framework/src/framework/external/objects/PithDispatcher.php(73): Pith\Framework\PithDispatcher->dispatchRoute(Object(Pith\Framework\SharedThemePack\GreenAndWhiteLayoutRoute), Object(Pith\Framework\SharedInfrastructure\LoremIpsumRoute))
#12 /Users/ian/Repo/pith-framework/src/framework/external/objects/PithDispatcher.php(83): Pith\Framework\PithDispatcher->dispatch(Object(Pith\Framework\SharedThemePack\GreenAndWhiteLayoutRoute), Object(Pith\Framework\SharedInfrastructure\LoremIpsumRoute))
#13 /Users/ian/Repo/pith-framework/src/framework/external/objects/PithEngine.php(61): Pith\Framework\PithDispatcher->dispatch(Object(Pith\Framework\SharedInfrastructure\LoremIpsumRoute))
#14 /Users/ian/Repo/pith-framework/src/shared-infrastructure/public-local/index.php(85): Pith\Framework\PithEngine->start()
#15 /Users/ian/Repo/pith-framework/src/shared-infrastructure/public-local/.serve.php(160): include('/Users/ian/Repo...')
#16 {main}
  thrown in /Users/ian/Repo/pith-framework/src/framework/plugins/phtml-view-adapter-2/src/PithPhtmlViewRunner2.php on line 82
[16-Apr-2023 04:17:44 UTC] PHP Warning:  require(src/shared-infrastructure/src/shared-infrastructure-pack/lorem-ipsum/home-view.phtml): Failed to open stream: No such file or directory in /Users/ian/Repo/pith-framework/src/framework/plugins/phtml-view-adapter-2/src/PithPhtmlViewRunner2.php on line 82
[16-Apr-2023 04:17:44 UTC] PHP Fatal error:  Uncaught Error: Failed opening required 'src/shared-infrastructure/src/shared-infrastructure-pack/lorem-ipsum/home-view.phtml' (include_path='.:/usr/local/Cellar/php/8.1.4/share/php/pear') in /Users/ian/Repo/pith-framework/src/framework/plugins/phtml-view-adapter-2/src/PithPhtmlViewRunner2.php:82
Stack trace:
#0 /Users/ian/Repo/pith-framework/src/framework/plugins/phtml-view-adapter-2/src/PithPhtmlViewRunner2.php(71): Pith\PhtmlViewAdapter2\PithPhtmlViewRunner2->dispatchView()
#1 /Users/ian/Repo/pith-framework/src/framework/plugins/phtml-view-adapter-2/src/PithPhtmlViewAdapter2.php(117): Pith\PhtmlViewAdapter2\PithPhtmlViewRunner2->run(Object(Pith\Framework\PithApp), true, 'src/shared-infr...', Object(stdClass), Object(Pith\Framework\SharedInfrastructure\LoremIpsumRoute))
#2 /Users/ian/Repo/pith-framework/src/framework/external/objects/PithDispatcher.php(511): Pith\PhtmlViewAdapter2\PithPhtmlViewAdapter2->run()
#3 /Users/ian/Repo/pith-framework/src/framework/external/objects/PithDispatcher.php(155): Pith\Framework\PithDispatcher->tapView(Object(Pith\Framework\SharedInfrastructure\LoremIpsumRoute), NULL, 'src/shared-infr...', 'src/shared-infr...', Array, Object(stdClass))
#4 /Users/ian/Repo/pith-framework/src/framework/external/objects/PithResponder.php(100): Pith\Framework\PithDispatcher->dispatchRoute(Object(Pith\Framework\SharedInfrastructure\LoremIpsumRoute))
#5 /Users/ian/Repo/pith-framework/src/shared-infrastructure/src/shared-theme-pack/green-and-white-theme/green-and-white-layout-view.phtml(41): Pith\Framework\PithResponder->insertPageContent(Object(Pith\Framework\SharedInfrastructure\LoremIpsumRoute))
#6 /Users/ian/Repo/pith-framework/src/framework/plugins/phtml-view-adapter-2/src/PithPhtmlViewRunner2.php(82): require('/Users/ian/Repo...')
#7 /Users/ian/Repo/pith-framework/src/framework/plugins/phtml-view-adapter-2/src/PithPhtmlViewRunner2.php(71): Pith\PhtmlViewAdapter2\PithPhtmlViewRunner2->dispatchView()
#8 /Users/ian/Repo/pith-framework/src/framework/plugins/phtml-view-adapter-2/src/PithPhtmlViewAdapter2.php(117): Pith\PhtmlViewAdapter2\PithPhtmlViewRunner2->run(Object(Pith\Framework\PithApp), true, 'src/shared-infr...', Object(stdClass), Object(Pith\Framework\SharedInfrastructure\LoremIpsumRoute))
#9 /Users/ian/Repo/pith-framework/src/framework/external/objects/PithDispatcher.php(511): Pith\PhtmlViewAdapter2\PithPhtmlViewAdapter2->run()
#10 /Users/ian/Repo/pith-framework/src/framework/external/objects/PithDispatcher.php(155): Pith\Framework\PithDispatcher->tapView(Object(Pith\Framework\SharedThemePack\GreenAndWhiteLayoutRoute), Object(Pith\Framework\SharedInfrastructure\LoremIpsumRoute), 'src/shared-infr...', 'src/shared-infr...', Array, Object(stdClass))
#11 /Users/ian/Repo/pith-framework/src/framework/external/objects/PithDispatcher.php(73): Pith\Framework\PithDispatcher->dispatchRoute(Object(Pith\Framework\SharedThemePack\GreenAndWhiteLayoutRoute), Object(Pith\Framework\SharedInfrastructure\LoremIpsumRoute))
#12 /Users/ian/Repo/pith-framework/src/framework/external/objects/PithDispatcher.php(83): Pith\Framework\PithDispatcher->dispatch(Object(Pith\Framework\SharedThemePack\GreenAndWhiteLayoutRoute), Object(Pith\Framework\SharedInfrastructure\LoremIpsumRoute))
#13 /Users/ian/Repo/pith-framework/src/framework/external/objects/PithEngine.php(61): Pith\Framework\PithDispatcher->dispatch(Object(Pith\Framework\SharedInfrastructure\LoremIpsumRoute))
#14 /Users/ian/Repo/pith-framework/src/shared-infrastructure/public-local/index.php(85): Pith\Framework\PithEngine->start()
#15 /Users/ian/Repo/pith-framework/src/shared-infrastructure/public-local/.serve.php(160): include('/Users/ian/Repo...')
#16 {main}
  thrown in /Users/ian/Repo/pith-framework/src/framework/plugins/phtml-view-adapter-2/src/PithPhtmlViewRunner2.php on line 82
